<?xml version="1.0" encoding="UTF-8"?>
<testsuite xmlns:xsi="http://www.w3.org/2001/XMLSchema-instance" xsi:noNamespaceSchemaLocation="https://maven.apache.org/surefire/maven-surefire-plugin/xsd/surefire-test-report.xsd" name="TestSuite" time="80.699" tests="2" errors="0" skipped="0" failures="0">
  <properties>
[...]
</properties>
  <testcase name="runScenario" classname="cucumberoptions.TestRunnertestNG" time="79.493"/>
  <testcase name="shouldAnswerWithTrue on shouldAnswerWithTrue(selenium.selenium.cucumber.AppTest)" classname="selenium.selenium.cucumber.AppTest" time="0.001"/>
</testsuite>