<?xml version="1.0" encoding="UTF-8"?>
<testng-results skipped="0" failed="0" ignored="0" total="1" passed="1">
  <reporter-output>
  </reporter-output>
  <suite name="Surefire suite" duration-ms="80087" started-at="2020-07-20T11:28:06 IST" finished-at="2020-07-20T11:29:26 IST">
    <groups>
      <group name="cucumber">
        <method signature="AbstractTestNGCucumberTests.runScenario(io.cucumber.testng.PickleWrapper, io.cucumber.testng.FeatureWrapper)[pri:0, instance:cucumberoptions.TestRunnertestNG@3632be31]" name="runScenario" class="io.cucumber.testng.AbstractTestNGCucumberTests"/>
      </group> <!-- cucumber -->
    </groups>
    <test name="Surefire test" duration-ms="80087" started-at="2020-07-20T11:28:06 IST" finished-at="2020-07-20T11:29:26 IST">
      <class name="cucumberoptions.TestRunnertestNG">
        <test-method status="PASS" signature="setUpClass()[pri:0, instance:cucumberoptions.TestRunnertestNG@3632be31]" name="setUpClass" is-config="true" duration-ms="469" started-at="2020-07-20T11:28:06 IST" finished-at="2020-07-20T11:28:06 IST">
          <reporter-output>
          </reporter-output>
        </test-method> <!-- setUpClass -->
        <test-method status="PASS" signature="runScenario(io.cucumber.testng.PickleWrapper, io.cucumber.testng.FeatureWrapper)[pri:0, instance:cucumberoptions.TestRunnertestNG@3632be31]" name="runScenario" duration-ms="79490" started-at="2020-07-20T11:28:06 IST" description="Runs Cucumber Scenarios" data-provider="scenarios" finished-at="2020-07-20T11:29:26 IST">
          <params>
            <param index="0">
              <value>
                <![CDATA["Register Account"]]>
              </value>
            </param>
            <param index="1">
              <value>
                <![CDATA["Optional[Upskill elearning Signup]"]]>
              </value>
            </param>
          </params>
          <reporter-output>
          </reporter-output>
        </test-method> <!-- runScenario -->
        <test-method status="PASS" signature="tearDownClass()[pri:0, instance:cucumberoptions.TestRunnertestNG@3632be31]" name="tearDownClass" is-config="true" duration-ms="99" started-at="2020-07-20T11:29:26 IST" finished-at="2020-07-20T11:29:26 IST">
          <reporter-output>
          </reporter-output>
        </test-method> <!-- tearDownClass -->
      </class> <!-- cucumberoptions.TestRunnertestNG -->
    </test> <!-- Surefire test -->
  </suite> <!-- Surefire suite -->
</testng-results>
