<?xml version="1.0" encoding="UTF-8"?>
<testng-results skipped="0" failed="0" ignored="0" total="1" passed="1">
  <reporter-output>
  </reporter-output>
  <suite name="Surefire suite" duration-ms="40" started-at="2020-07-20T11:29:26 IST" finished-at="2020-07-20T11:29:26 IST">
    <groups>
    </groups>
    <test name="Surefire test" duration-ms="40" started-at="2020-07-20T11:29:26 IST" finished-at="2020-07-20T11:29:26 IST">
      <class name="selenium.selenium.cucumber.AppTest">
        <test-method status="PASS" signature="shouldAnswerWithTrue()" name="shouldAnswerWithTrue" duration-ms="4" started-at="2020-07-20T11:29:26 IST" finished-at="2020-07-20T11:29:26 IST">
          <reporter-output>
          </reporter-output>
        </test-method> <!-- shouldAnswerWithTrue -->
      </class> <!-- selenium.selenium.cucumber.AppTest -->
    </test> <!-- Surefire test -->
  </suite> <!-- Surefire suite -->
</testng-results>
