<?xml version="1.0" encoding="UTF-8"?>
<testng-results skipped="0" failed="0" ignored="0" total="1" passed="1">
  <reporter-output>
  </reporter-output>
  <suite name="Default suite" duration-ms="70925" started-at="2020-07-20T13:28:08 IST" finished-at="2020-07-20T13:29:19 IST">
    <groups>
      <group name="cucumber">
        <method signature="AbstractTestNGCucumberTests.runScenario(io.cucumber.testng.PickleWrapper, io.cucumber.testng.FeatureWrapper)[pri:0, instance:cucumberoptions.TestRunnertestNG@e320068]" name="runScenario" class="io.cucumber.testng.AbstractTestNGCucumberTests"/>
      </group> <!-- cucumber -->
    </groups>
    <test name="Default test" duration-ms="70925" started-at="2020-07-20T13:28:08 IST" finished-at="2020-07-20T13:29:19 IST">
      <class name="cucumberoptions.TestRunnertestNG">
        <test-method status="PASS" signature="setUpClass()[pri:0, instance:cucumberoptions.TestRunnertestNG@e320068]" name="setUpClass" is-config="true" duration-ms="864" started-at="2020-07-20T13:28:08 IST" finished-at="2020-07-20T13:28:09 IST">
          <reporter-output>
          </reporter-output>
        </test-method> <!-- setUpClass -->
        <test-method status="PASS" signature="runScenario(io.cucumber.testng.PickleWrapper, io.cucumber.testng.FeatureWrapper)[pri:0, instance:cucumberoptions.TestRunnertestNG@e320068]" name="runScenario" duration-ms="69728" started-at="2020-07-20T13:28:09 IST" description="Runs Cucumber Scenarios" data-provider="scenarios" finished-at="2020-07-20T13:29:19 IST">
          <params>
            <param index="0">
              <value>
                <![CDATA["Register Account"]]>
              </value>
            </param>
            <param index="1">
              <value>
                <![CDATA["Optional[Upskill elearning Signup]"]]>
              </value>
            </param>
          </params>
          <reporter-output>
          </reporter-output>
        </test-method> <!-- runScenario -->
        <test-method status="PASS" signature="tearDownClass()[pri:0, instance:cucumberoptions.TestRunnertestNG@e320068]" name="tearDownClass" is-config="true" duration-ms="269" started-at="2020-07-20T13:29:19 IST" finished-at="2020-07-20T13:29:19 IST">
          <reporter-output>
          </reporter-output>
        </test-method> <!-- tearDownClass -->
      </class> <!-- cucumberoptions.TestRunnertestNG -->
    </test> <!-- Default test -->
  </suite> <!-- Default suite -->
</testng-results>
